# JRE version: Java(TM) SE Runtime Environment (8.0_131-b11) (build 1.8.0_131-b11)
# Java VM: Java HotSpot(TM) Client VM (25.131-b11 mixed mode windows-x86 )
Heap:
 def new generation   total 4928K, used 3817K [0x04c00000, 0x05150000, 0x0a150000)
  eden space 4416K,  82% used [0x04c00000, 0x04f8f4e8, 0x05050000)
  from space 512K,  33% used [0x050d0000, 0x050fb260, 0x05150000)
  to   space 512K,   0% used [0x05050000, 0x05050000, 0x050d0000)
 tenured generation   total 10944K, used 2075K [0x0a150000, 0x0ac00000, 0x14c00000)
   the space 10944K,  18% used [0x0a150000, 0x0a356c98, 0x0a356e00, 0x0ac00000)
 Metaspace       used 7803K, capacity 8034K, committed 8192K, reserved 8576K
GC Heap History (10 events):
Event: 0.292 GC heap before
{Heap before GC invocations=0 (full 0):
 def new generation   total 4928K, used 4416K [0x04c00000, 0x05150000, 0x0a150000)
  eden space 4416K, 100% used [0x04c00000, 0x05050000, 0x05050000)
  from space 512K,   0% used [0x05050000, 0x05050000, 0x050d0000)
  to   space 512K,   0% used [0x050d0000, 0x050d0000, 0x05150000)
 tenured generation   total 10944K, used 0K [0x0a150000, 0x0ac00000, 0x14c00000)
   the space 10944K,   0% used [0x0a150000, 0x0a150000, 0x0a150200, 0x0ac00000)
 Metaspace       used 3005K, capacity 3133K, committed 3136K, reserved 4480K
Event: 0.294 GC heap after
Heap after GC invocations=1 (full 0):
 def new generation   total 4928K, used 512K [0x04c00000, 0x05150000, 0x0a150000)
  eden space 4416K,   0% used [0x04c00000, 0x04c00000, 0x05050000)
  from space 512K, 100% used [0x050d0000, 0x05150000, 0x05150000)
  to   space 512K,   0% used [0x05050000, 0x05050000, 0x050d0000)
 tenured generation   total 10944K, used 421K [0x0a150000, 0x0ac00000, 0x14c00000)
   the space 10944K,   3% used [0x0a150000, 0x0a1b95f8, 0x0a1b9600, 0x0ac00000)
 Metaspace       used 3005K, capacity 3133K, committed 3136K, reserved 4480K
}
Event: 0.477 GC heap before
{Heap before GC invocations=1 (full 0):
 def new generation   total 4928K, used 4928K [0x04c00000, 0x05150000, 0x0a150000)
  eden space 4416K, 100% used [0x04c00000, 0x05050000, 0x05050000)
  from space 512K, 100% used [0x050d0000, 0x05150000, 0x05150000)
  to   space 512K,   0% used [0x05050000, 0x05050000, 0x050d0000)
 tenured generation   total 10944K, used 421K [0x0a150000, 0x0ac00000, 0x14c00000)
   the space 10944K,   3% used [0x0a150000, 0x0a1b95f8, 0x0a1b9600, 0x0ac00000)
 Metaspace       used 5214K, capacity 5386K, committed 5504K, reserved 5504K
Event: 0.481 GC heap after
Heap after GC invocations=2 (full 0):
 def new generation   total 4928K, used 512K [0x04c00000, 0x05150000, 0x0a150000)
  eden space 4416K,   0% used [0x04c00000, 0x04c00000, 0x05050000)
  from space 512K, 100% used [0x05050000, 0x050d0000, 0x050d0000)
  to   space 512K,   0% used [0x050d0000, 0x050d0000, 0x05150000)
 tenured generation   total 10944K, used 1117K [0x0a150000, 0x0ac00000, 0x14c00000)
   the space 10944K,  10% used [0x0a150000, 0x0a267498, 0x0a267600, 0x0ac00000)
 Metaspace       used 5214K, capacity 5386K, committed 5504K, reserved 5504K
}
Event: 0.895 GC heap before
{Heap before GC invocations=2 (full 0):
 def new generation   total 4928K, used 4928K [0x04c00000, 0x05150000, 0x0a150000)
  eden space 4416K, 100% used [0x04c00000, 0x05050000, 0x05050000)
  from space 512K, 100% used [0x05050000, 0x050d0000, 0x050d0000)
  to   space 512K,   0% used [0x050d0000, 0x050d0000, 0x05150000)
 tenured generation   total 10944K, used 1117K [0x0a150000, 0x0ac00000, 0x14c00000)
   the space 10944K,  10% used [0x0a150000, 0x0a267498, 0x0a267600, 0x0ac00000)
 Metaspace       used 6591K, capacity 6764K, committed 6912K, reserved 7552K
Event: 0.898 GC heap after
Heap after GC invocations=3 (full 0):
 def new generation   total 4928K, used 446K [0x04c00000, 0x05150000, 0x0a150000)
  eden space 4416K,   0% used [0x04c00000, 0x04c00000, 0x05050000)
  from space 512K,  87% used [0x050d0000, 0x0513f828, 0x05150000)
  to   space 512K,   0% used [0x05050000, 0x05050000, 0x050d0000)
 tenured generation   total 10944K, used 1597K [0x0a150000, 0x0ac00000, 0x14c00000)
   the space 10944K,  14% used [0x0a150000, 0x0a2df630, 0x0a2df800, 0x0ac00000)
 Metaspace       used 6591K, capacity 6764K, committed 6912K, reserved 7552K
}
Event: 0.971 GC heap before
{Heap before GC invocations=3 (full 0):
 def new generation   total 4928K, used 4862K [0x04c00000, 0x05150000, 0x0a150000)
  eden space 4416K, 100% used [0x04c00000, 0x05050000, 0x05050000)
  from space 512K,  87% used [0x050d0000, 0x0513f828, 0x05150000)
  to   space 512K,   0% used [0x05050000, 0x05050000, 0x050d0000)
 tenured generation   total 10944K, used 1597K [0x0a150000, 0x0ac00000, 0x14c00000)
   the space 10944K,  14% used [0x0a150000, 0x0a2df630, 0x0a2df800, 0x0ac00000)
 Metaspace       used 7077K, capacity 7233K, committed 7296K, reserved 7552K
Event: 0.973 GC heap after
Heap after GC invocations=4 (full 0):
 def new generation   total 4928K, used 321K [0x04c00000, 0x05150000, 0x0a150000)
  eden space 4416K,   0% used [0x04c00000, 0x04c00000, 0x05050000)
  from space 512K,  62% used [0x05050000, 0x050a0658, 0x050d0000)
  to   space 512K,   0% used [0x050d0000, 0x050d0000, 0x05150000)
 tenured generation   total 10944K, used 1934K [0x0a150000, 0x0ac00000, 0x14c00000)
   the space 10944K,  17% used [0x0a150000, 0x0a333ba0, 0x0a333c00, 0x0ac00000)
 Metaspace       used 7077K, capacity 7233K, committed 7296K, reserved 7552K
}
Event: 2.206 GC heap before
{Heap before GC invocations=4 (full 0):
 def new generation   total 4928K, used 4737K [0x04c00000, 0x05150000, 0x0a150000)
  eden space 4416K, 100% used [0x04c00000, 0x05050000, 0x05050000)
  from space 512K,  62% used [0x05050000, 0x050a0658, 0x050d0000)
  to   space 512K,   0% used [0x050d0000, 0x050d0000, 0x05150000)
 tenured generation   total 10944K, used 1934K [0x0a150000, 0x0ac00000, 0x14c00000)
   the space 10944K,  17% used [0x0a150000, 0x0a333ba0, 0x0a333c00, 0x0ac00000)
 Metaspace       used 7189K, capacity 7352K, committed 7424K, reserved 7552K
Event: 2.208 GC heap after
Heap after GC invocations=5 (full 0):
 def new generation   total 4928K, used 172K [0x04c00000, 0x05150000, 0x0a150000)
  eden space 4416K,   0% used [0x04c00000, 0x04c00000, 0x05050000)
  from space 512K,  33% used [0x050d0000, 0x050fb260, 0x05150000)
  to   space 512K,   0% used [0x05050000, 0x05050000, 0x050d0000)
 tenured generation   total 10944K, used 2075K [0x0a150000, 0x0ac00000, 0x14c00000)
   the space 10944K,  18% used [0x0a150000, 0x0a356c98, 0x0a356e00, 0x0ac00000)
 Metaspace       used 7189K, capacity 7352K, committed 7424K, reserved 7552K
}

