# JRE version: Java(TM) SE Runtime Environment (8.0_131-b11) (build 1.8.0_131-b11)
# Java VM: Java HotSpot(TM) Client VM (25.131-b11 mixed mode windows-x86 )
Heap:
 def new generation   total 4928K, used 4505K [0x05200000, 0x05750000, 0x0a750000)
  eden space 4416K,  96% used [0x05200000, 0x05625f78, 0x05650000)
  from space 512K,  50% used [0x05650000, 0x05690530, 0x056d0000)
  to   space 512K,   0% used [0x056d0000, 0x056d0000, 0x05750000)
 tenured generation   total 10944K, used 1781K [0x0a750000, 0x0b200000, 0x15200000)
   the space 10944K,  16% used [0x0a750000, 0x0a90d7d8, 0x0a90d800, 0x0b200000)
 Metaspace       used 7603K, capacity 7812K, committed 7936K, reserved 8576K
GC Heap History (8 events):
Event: 0.180 GC heap before
{Heap before GC invocations=0 (full 0):
 def new generation   total 4928K, used 4416K [0x05200000, 0x05750000, 0x0a750000)
  eden space 4416K, 100% used [0x05200000, 0x05650000, 0x05650000)
  from space 512K,   0% used [0x05650000, 0x05650000, 0x056d0000)
  to   space 512K,   0% used [0x056d0000, 0x056d0000, 0x05750000)
 tenured generation   total 10944K, used 0K [0x0a750000, 0x0b200000, 0x15200000)
   the space 10944K,   0% used [0x0a750000, 0x0a750000, 0x0a750200, 0x0b200000)
 Metaspace       used 3121K, capacity 3287K, committed 3392K, reserved 4480K
Event: 0.183 GC heap after
Heap after GC invocations=1 (full 0):
 def new generation   total 4928K, used 512K [0x05200000, 0x05750000, 0x0a750000)
  eden space 4416K,   0% used [0x05200000, 0x05200000, 0x05650000)
  from space 512K, 100% used [0x056d0000, 0x05750000, 0x05750000)
  to   space 512K,   0% used [0x05650000, 0x05650000, 0x056d0000)
 tenured generation   total 10944K, used 416K [0x0a750000, 0x0b200000, 0x15200000)
   the space 10944K,   3% used [0x0a750000, 0x0a7b8208, 0x0a7b8400, 0x0b200000)
 Metaspace       used 3121K, capacity 3287K, committed 3392K, reserved 4480K
}
Event: 0.377 GC heap before
{Heap before GC invocations=1 (full 0):
 def new generation   total 4928K, used 4704K [0x05200000, 0x05750000, 0x0a750000)
  eden space 4416K,  94% used [0x05200000, 0x05618180, 0x05650000)
  from space 512K, 100% used [0x056d0000, 0x05750000, 0x05750000)
  to   space 512K,   0% used [0x05650000, 0x05650000, 0x056d0000)
 tenured generation   total 10944K, used 416K [0x0a750000, 0x0b200000, 0x15200000)
   the space 10944K,   3% used [0x0a750000, 0x0a7b8208, 0x0a7b8400, 0x0b200000)
 Metaspace       used 5677K, capacity 5838K, committed 5888K, reserved 6528K
Event: 0.381 GC heap after
Heap after GC invocations=2 (full 0):
 def new generation   total 4928K, used 512K [0x05200000, 0x05750000, 0x0a750000)
  eden space 4416K,   0% used [0x05200000, 0x05200000, 0x05650000)
  from space 512K, 100% used [0x05650000, 0x056d0000, 0x056d0000)
  to   space 512K,   0% used [0x056d0000, 0x056d0000, 0x05750000)
 tenured generation   total 10944K, used 1072K [0x0a750000, 0x0b200000, 0x15200000)
   the space 10944K,   9% used [0x0a750000, 0x0a85c080, 0x0a85c200, 0x0b200000)
 Metaspace       used 5677K, capacity 5838K, committed 5888K, reserved 6528K
}
Event: 0.761 GC heap before
{Heap before GC invocations=2 (full 0):
 def new generation   total 4928K, used 4928K [0x05200000, 0x05750000, 0x0a750000)
  eden space 4416K, 100% used [0x05200000, 0x05650000, 0x05650000)
  from space 512K, 100% used [0x05650000, 0x056d0000, 0x056d0000)
  to   space 512K,   0% used [0x056d0000, 0x056d0000, 0x05750000)
 tenured generation   total 10944K, used 1072K [0x0a750000, 0x0b200000, 0x15200000)
   the space 10944K,   9% used [0x0a750000, 0x0a85c080, 0x0a85c200, 0x0b200000)
 Metaspace       used 6609K, capacity 6768K, committed 6912K, reserved 7552K
Event: 0.764 GC heap after
Heap after GC invocations=3 (full 0):
 def new generation   total 4928K, used 447K [0x05200000, 0x05750000, 0x0a750000)
  eden space 4416K,   0% used [0x05200000, 0x05200000, 0x05650000)
  from space 512K,  87% used [0x056d0000, 0x0573fe70, 0x05750000)
  to   space 512K,   0% used [0x05650000, 0x05650000, 0x056d0000)
 tenured generation   total 10944K, used 1579K [0x0a750000, 0x0b200000, 0x15200000)
   the space 10944K,  14% used [0x0a750000, 0x0a8dac90, 0x0a8dae00, 0x0b200000)
 Metaspace       used 6609K, capacity 6768K, committed 6912K, reserved 7552K
}
Event: 1.029 GC heap before
{Heap before GC invocations=3 (full 0):
 def new generation   total 4928K, used 4863K [0x05200000, 0x05750000, 0x0a750000)
  eden space 4416K, 100% used [0x05200000, 0x05650000, 0x05650000)
  from space 512K,  87% used [0x056d0000, 0x0573fe70, 0x05750000)
  to   space 512K,   0% used [0x05650000, 0x05650000, 0x056d0000)
 tenured generation   total 10944K, used 1579K [0x0a750000, 0x0b200000, 0x15200000)
   the space 10944K,  14% used [0x0a750000, 0x0a8dac90, 0x0a8dae00, 0x0b200000)
 Metaspace       used 6999K, capacity 7196K, committed 7296K, reserved 7552K
Event: 1.031 GC heap after
Heap after GC invocations=4 (full 0):
 def new generation   total 4928K, used 257K [0x05200000, 0x05750000, 0x0a750000)
  eden space 4416K,   0% used [0x05200000, 0x05200000, 0x05650000)
  from space 512K,  50% used [0x05650000, 0x05690530, 0x056d0000)
  to   space 512K,   0% used [0x056d0000, 0x056d0000, 0x05750000)
 tenured generation   total 10944K, used 1781K [0x0a750000, 0x0b200000, 0x15200000)
   the space 10944K,  16% used [0x0a750000, 0x0a90d7d8, 0x0a90d800, 0x0b200000)
 Metaspace       used 6999K, capacity 7196K, committed 7296K, reserved 7552K
}

